<?xml version="1.0" encoding="UTF-8"?>
<TestRun id="4cedbffe-5528-4aed-b8fb-caa0dbba653a" name="Omar@OMAR-PC 2013-01-18 17:47:25" runUser="Omar-PC\Omar" xmlns="http://microsoft.com/schemas/VisualStudio/TeamTest/2010">
  <TestSettings name="IntegrationTests" id="85f80678-5acf-4267-a4f8-e5bf47bd5e87">
    <Description>This test run configuration uses the VS IDE host type in the test run.</Description>
    <Deployment enabled="false" runDeploymentRoot="Omar_OMAR-PC 2013-01-18 17_47_25">
      <DeploymentItem filename="D:\Git\MissingSectionsFinder\MissingSectionsFinder\Services.Implementation\bin\Debug\Services.Implementation.dll" />
      <DeploymentItem filename="D:\Git\MissingSectionsFinder\MissingSectionsFinder\Services.Contracts\bin\Debug\Services.Contracts.dll" />
      <DeploymentItem filename="D:\Git\MissingSectionsFinder\MissingSectionsFinder\Entities\bin\Debug\Entities.dll" />
    </Deployment>
    <Execution>
      <Hosts>
        <VSSDKTestHostRunConfig name="VS IDE" HiveKind="DevEnv" HiveName="10.0Exp" xmlns="http://microsoft.com/schemas/VisualStudio/SDK/Tools/IdeHostAdapter/2006/06" />
      </Hosts>
      <TestTypeSpecific />
      <AgentRule name="Execution Agents">
      </AgentRule>
    </Execution>
  </TestSettings>
  <Times creation="2013-01-18T17:47:25.5416548+02:00" queuing="2013-01-18T17:47:29.1388605+02:00" start="2013-01-18T17:47:29.5608846+02:00" finish="2013-01-18T17:47:30.5889435+02:00" />
  <ResultSummary outcome="Completed">
    <Counters total="4" executed="4" passed="4" error="0" failed="0" timeout="0" aborted="0" inconclusive="0" passedButRunAborted="0" notRunnable="0" notExecuted="0" disconnected="0" warning="0" completed="0" inProgress="0" pending="0" />
  </ResultSummary>
  <TestDefinitions>
    <UnitTest name="GetSectionsInLayoutTest" storage="d:\git\missingsectionsfinder\missingsectionsfinder\unittests\bin\debug\unittests.dll" id="cb3fd21d-5225-255d-e68c-aa7383253cbb">
      <Execution id="4c2a02bc-8b6e-4497-afc5-f582b649e32e" />
      <TestMethod codeBase="D:/Git/MissingSectionsFinder/MissingSectionsFinder/UnitTests/bin/Debug/UnitTests.DLL" adapterTypeName="Microsoft.VisualStudio.TestTools.TestTypes.Unit.UnitTestAdapter, Microsoft.VisualStudio.QualityTools.Tips.UnitTest.Adapter, Version=10.0.0.0, Culture=neutral, PublicKeyToken=b03f5f7f11d50a3a" className="UnitTests.RegexServiceTest, UnitTests, Version=1.0.0.0, Culture=neutral, PublicKeyToken=null" name="GetSectionsInLayoutTest" />
    </UnitTest>
    <UnitTest name="GetSectionsInPageTest" storage="d:\git\missingsectionsfinder\missingsectionsfinder\unittests\bin\debug\unittests.dll" id="cd73caf9-f761-9833-4386-7cc9434f64d8">
      <Execution id="94683717-3567-4eb7-92a4-6a7a228d451b" />
      <TestMethod codeBase="D:/Git/MissingSectionsFinder/MissingSectionsFinder/UnitTests/bin/Debug/UnitTests.DLL" adapterTypeName="Microsoft.VisualStudio.TestTools.TestTypes.Unit.UnitTestAdapter, Microsoft.VisualStudio.QualityTools.Tips.UnitTest.Adapter, Version=10.0.0.0, Culture=neutral, PublicKeyToken=b03f5f7f11d50a3a" className="UnitTests.RegexServiceTest, UnitTests, Version=1.0.0.0, Culture=neutral, PublicKeyToken=null" name="GetSectionsInPageTest" />
    </UnitTest>
    <UnitTest name="GetLayoutPageName_MVCLayout" storage="d:\git\missingsectionsfinder\missingsectionsfinder\unittests\bin\debug\unittests.dll" id="a0616a27-9b42-d56c-e59d-4d22510a02e0">
      <Execution id="850ae2e7-d748-487d-8100-8413548bb035" />
      <TestMethod codeBase="D:/Git/MissingSectionsFinder/MissingSectionsFinder/UnitTests/bin/Debug/UnitTests.DLL" adapterTypeName="Microsoft.VisualStudio.TestTools.TestTypes.Unit.UnitTestAdapter, Microsoft.VisualStudio.QualityTools.Tips.UnitTest.Adapter, Version=10.0.0.0, Culture=neutral, PublicKeyToken=b03f5f7f11d50a3a" className="UnitTests.RegexServiceTest, UnitTests, Version=1.0.0.0, Culture=neutral, PublicKeyToken=null" name="GetLayoutPageName_MVCLayout" />
    </UnitTest>
    <UnitTest name="GetLayoutPageName_HardCodedLayout" storage="d:\git\missingsectionsfinder\missingsectionsfinder\unittests\bin\debug\unittests.dll" id="29a9ac31-6a06-9c71-4972-30590bdf2a7b">
      <Execution id="9a4a0da8-4b04-43e0-a693-c6d321a27e9d" />
      <TestMethod codeBase="D:/Git/MissingSectionsFinder/MissingSectionsFinder/UnitTests/bin/Debug/UnitTests.DLL" adapterTypeName="Microsoft.VisualStudio.TestTools.TestTypes.Unit.UnitTestAdapter, Microsoft.VisualStudio.QualityTools.Tips.UnitTest.Adapter, Version=10.0.0.0, Culture=neutral, PublicKeyToken=b03f5f7f11d50a3a" className="UnitTests.RegexServiceTest, UnitTests, Version=1.0.0.0, Culture=neutral, PublicKeyToken=null" name="GetLayoutPageName_HardCodedLayout" />
    </UnitTest>
  </TestDefinitions>
  <TestLists>
    <TestList name="Results Not in a List" id="8c84fa94-04c1-424b-9868-57a2d4851a1d" />
    <TestList name="All Loaded Results" id="19431567-8539-422a-85d7-44ee4e166bda" />
  </TestLists>
  <TestEntries>
    <TestEntry testId="29a9ac31-6a06-9c71-4972-30590bdf2a7b" executionId="9a4a0da8-4b04-43e0-a693-c6d321a27e9d" testListId="8c84fa94-04c1-424b-9868-57a2d4851a1d" />
    <TestEntry testId="a0616a27-9b42-d56c-e59d-4d22510a02e0" executionId="850ae2e7-d748-487d-8100-8413548bb035" testListId="8c84fa94-04c1-424b-9868-57a2d4851a1d" />
    <TestEntry testId="cb3fd21d-5225-255d-e68c-aa7383253cbb" executionId="4c2a02bc-8b6e-4497-afc5-f582b649e32e" testListId="8c84fa94-04c1-424b-9868-57a2d4851a1d" />
    <TestEntry testId="cd73caf9-f761-9833-4386-7cc9434f64d8" executionId="94683717-3567-4eb7-92a4-6a7a228d451b" testListId="8c84fa94-04c1-424b-9868-57a2d4851a1d" />
  </TestEntries>
  <Results>
    <UnitTestResult executionId="9a4a0da8-4b04-43e0-a693-c6d321a27e9d" testId="29a9ac31-6a06-9c71-4972-30590bdf2a7b" testName="GetLayoutPageName_HardCodedLayout" computerName="OMAR-PC" duration="00:00:00.0444485" startTime="2013-01-18T17:47:29.7008927+02:00" endTime="2013-01-18T17:47:30.3869319+02:00" testType="13cdc9d9-ddb5-4fa4-a97d-d965ccfc6d4b" outcome="Passed" testListId="8c84fa94-04c1-424b-9868-57a2d4851a1d" relativeResultsDirectory="9a4a0da8-4b04-43e0-a693-c6d321a27e9d">
    </UnitTestResult>
    <UnitTestResult executionId="850ae2e7-d748-487d-8100-8413548bb035" testId="a0616a27-9b42-d56c-e59d-4d22510a02e0" testName="GetLayoutPageName_MVCLayout" computerName="OMAR-PC" duration="00:00:00.0008022" startTime="2013-01-18T17:47:30.3919322+02:00" endTime="2013-01-18T17:47:30.4039329+02:00" testType="13cdc9d9-ddb5-4fa4-a97d-d965ccfc6d4b" outcome="Passed" testListId="8c84fa94-04c1-424b-9868-57a2d4851a1d" relativeResultsDirectory="850ae2e7-d748-487d-8100-8413548bb035">
    </UnitTestResult>
    <UnitTestResult executionId="4c2a02bc-8b6e-4497-afc5-f582b649e32e" testId="cb3fd21d-5225-255d-e68c-aa7383253cbb" testName="GetSectionsInLayoutTest" computerName="OMAR-PC" duration="00:00:00.0078420" startTime="2013-01-18T17:47:30.4079331+02:00" endTime="2013-01-18T17:47:30.4249341+02:00" testType="13cdc9d9-ddb5-4fa4-a97d-d965ccfc6d4b" outcome="Passed" testListId="8c84fa94-04c1-424b-9868-57a2d4851a1d" relativeResultsDirectory="4c2a02bc-8b6e-4497-afc5-f582b649e32e">
    </UnitTestResult>
    <UnitTestResult executionId="94683717-3567-4eb7-92a4-6a7a228d451b" testId="cd73caf9-f761-9833-4386-7cc9434f64d8" testName="GetSectionsInPageTest" computerName="OMAR-PC" duration="00:00:00.0020726" startTime="2013-01-18T17:47:30.4379348+02:00" endTime="2013-01-18T17:47:30.4469353+02:00" testType="13cdc9d9-ddb5-4fa4-a97d-d965ccfc6d4b" outcome="Passed" testListId="8c84fa94-04c1-424b-9868-57a2d4851a1d" relativeResultsDirectory="94683717-3567-4eb7-92a4-6a7a228d451b">
    </UnitTestResult>
  </Results>
</TestRun>