<?xml version="1.0" encoding="UTF-8"?>
<TestRun id="d87a6ff8-4b9b-40f0-8264-149466e42b4b" name="Omar@OMAR-PC 2013-01-18 19:18:05" runUser="Omar-PC\Omar" xmlns="http://microsoft.com/schemas/VisualStudio/TeamTest/2010">
  <TestSettings name="IntegrationTests" id="85f80678-5acf-4267-a4f8-e5bf47bd5e87">
    <Description>This test run configuration uses the VS IDE host type in the test run.</Description>
    <Deployment userDeploymentRoot="D:\Git\MissingSectionsFinder\MissingSectionsFinder\TestResults" useDefaultDeploymentRoot="false" enabled="false" runDeploymentRoot="Omar_OMAR-PC 2013-01-18 19_18_05">
      <DeploymentItem filename="D:\Git\MissingSectionsFinder\MissingSectionsFinder\Services.Implementation\bin\Debug\Services.Implementation.dll" />
      <DeploymentItem filename="D:\Git\MissingSectionsFinder\MissingSectionsFinder\Services.Contracts\bin\Debug\Services.Contracts.dll" />
      <DeploymentItem filename="D:\Git\MissingSectionsFinder\MissingSectionsFinder\Entities\bin\Debug\Entities.dll" />
    </Deployment>
    <Execution>
      <Hosts>
        <VSSDKTestHostRunConfig name="VS IDE" HiveKind="DevEnv" HiveName="10.0Exp" xmlns="http://microsoft.com/schemas/VisualStudio/SDK/Tools/IdeHostAdapter/2006/06" />
      </Hosts>
      <TestTypeSpecific />
      <AgentRule name="Execution Agents">
      </AgentRule>
    </Execution>
  </TestSettings>
  <Times creation="2013-01-18T19:18:05.8108204+02:00" queuing="2013-01-18T19:18:08.6019800+02:00" start="2013-01-18T19:18:08.9670009+02:00" finish="2013-01-18T19:18:42.9189428+02:00" />
  <ResultSummary outcome="Error">
    <Counters total="1" executed="1" error="0" failed="0" timeout="0" aborted="1" inconclusive="0" passedButRunAborted="0" notRunnable="0" notExecuted="0" disconnected="0" warning="0" passed="0" completed="0" inProgress="0" pending="0" />
    <RunInfos>
      <RunInfo computerName="OMAR-PC" outcome="Error" timestamp="2013-01-18T19:18:42.9129425+02:00">
        <Text>Test host process exited unexpectedly.</Text>
      </RunInfo>
    </RunInfos>
  </ResultSummary>
  <TestDefinitions>
    <UnitTest name="GetPartialPageNameTest" storage="d:\git\missingsectionsfinder\missingsectionsfinder\unittests\bin\debug\unittests.dll" id="7a58ec07-c3e5-c405-fdda-29c99d1dedec">
      <Execution id="18c217aa-a1e7-4d5c-9215-9f95e3ca2524" />
      <TestMethod codeBase="D:/Git/MissingSectionsFinder/MissingSectionsFinder/UnitTests/bin/Debug/UnitTests.DLL" adapterTypeName="Microsoft.VisualStudio.TestTools.TestTypes.Unit.UnitTestAdapter, Microsoft.VisualStudio.QualityTools.Tips.UnitTest.Adapter, Version=10.0.0.0, Culture=neutral, PublicKeyToken=b03f5f7f11d50a3a" className="UnitTests.RegexServiceTest, UnitTests, Version=1.0.0.0, Culture=neutral, PublicKeyToken=null" name="GetPartialPageNameTest" />
    </UnitTest>
  </TestDefinitions>
  <TestLists>
    <TestList name="Results Not in a List" id="8c84fa94-04c1-424b-9868-57a2d4851a1d" />
    <TestList name="All Loaded Results" id="19431567-8539-422a-85d7-44ee4e166bda" />
  </TestLists>
  <TestEntries>
    <TestEntry testId="7a58ec07-c3e5-c405-fdda-29c99d1dedec" executionId="18c217aa-a1e7-4d5c-9215-9f95e3ca2524" testListId="8c84fa94-04c1-424b-9868-57a2d4851a1d" />
  </TestEntries>
  <Results>
    <UnitTestResult executionId="18c217aa-a1e7-4d5c-9215-9f95e3ca2524" testId="7a58ec07-c3e5-c405-fdda-29c99d1dedec" testName="GetPartialPageNameTest" computerName="OMAR-PC" duration="00:00:33.7709316" startTime="2013-01-18T19:18:09.1480112+02:00" endTime="2013-01-18T19:18:42.9189428+02:00" testType="13cdc9d9-ddb5-4fa4-a97d-d965ccfc6d4b" outcome="Aborted" testListId="8c84fa94-04c1-424b-9868-57a2d4851a1d" relativeResultsDirectory="18c217aa-a1e7-4d5c-9215-9f95e3ca2524">
    </UnitTestResult>
  </Results>
</TestRun>