<?xml version="1.0" encoding="UTF-8"?>
<TestRun id="57a170b3-deba-484b-a729-04481e1251a6" name="Omar@OMAR-PC 2013-01-15 21:18:36" runUser="Omar-PC\Omar" xmlns="http://microsoft.com/schemas/VisualStudio/TeamTest/2010">
  <TestSettings name="IntegrationTests" id="85f80678-5acf-4267-a4f8-e5bf47bd5e87">
    <Description>This test run configuration uses the VS IDE host type in the test run.</Description>
    <Deployment enabled="false" runDeploymentRoot="Omar_OMAR-PC 2013-01-15 21_18_36">
      <DeploymentItem filename="D:\Git\MissingSectionsFinder\MissingSectionsFinder\Services.Implementation\bin\Debug\Services.Implementation.dll" />
      <DeploymentItem filename="D:\Git\MissingSectionsFinder\MissingSectionsFinder\Services.Contracts\bin\Debug\Services.Contracts.dll" />
      <DeploymentItem filename="D:\Git\MissingSectionsFinder\MissingSectionsFinder\Entities\bin\Debug\Entities.dll" />
    </Deployment>
    <Execution>
      <Hosts>
        <VSSDKTestHostRunConfig name="VS IDE" HiveKind="DevEnv" HiveName="10.0Exp" xmlns="http://microsoft.com/schemas/VisualStudio/SDK/Tools/IdeHostAdapter/2006/06" />
      </Hosts>
      <TestTypeSpecific />
      <AgentRule name="Execution Agents">
      </AgentRule>
    </Execution>
  </TestSettings>
  <Times creation="2013-01-15T21:18:36.1090693+02:00" queuing="2013-01-15T21:18:36.1890695+02:00" start="2013-01-15T21:18:36.2290695+02:00" finish="2013-01-15T21:18:36.8190737+02:00" />
  <ResultSummary outcome="Completed">
    <Counters total="1" executed="1" passed="1" error="0" failed="0" timeout="0" aborted="0" inconclusive="0" passedButRunAborted="0" notRunnable="0" notExecuted="0" disconnected="0" warning="0" completed="0" inProgress="0" pending="0" />
  </ResultSummary>
  <TestDefinitions>
    <UnitTest name="GetLayoutPageName_HardCodedLayout" storage="d:\git\missingsectionsfinder\missingsectionsfinder\unittests\bin\debug\unittests.dll" id="29a9ac31-6a06-9c71-4972-30590bdf2a7b">
      <Execution id="d6d025e0-6a71-4390-940d-e8066a42f829" />
      <TestMethod codeBase="D:/Git/MissingSectionsFinder/MissingSectionsFinder/UnitTests/bin/Debug/UnitTests.DLL" adapterTypeName="Microsoft.VisualStudio.TestTools.TestTypes.Unit.UnitTestAdapter, Microsoft.VisualStudio.QualityTools.Tips.UnitTest.Adapter, Version=10.0.0.0, Culture=neutral, PublicKeyToken=b03f5f7f11d50a3a" className="UnitTests.RegexServiceTest, UnitTests, Version=1.0.0.0, Culture=neutral, PublicKeyToken=null" name="GetLayoutPageName_HardCodedLayout" />
    </UnitTest>
  </TestDefinitions>
  <TestLists>
    <TestList name="Results Not in a List" id="8c84fa94-04c1-424b-9868-57a2d4851a1d" />
    <TestList name="All Loaded Results" id="19431567-8539-422a-85d7-44ee4e166bda" />
  </TestLists>
  <TestEntries>
    <TestEntry testId="29a9ac31-6a06-9c71-4972-30590bdf2a7b" executionId="d6d025e0-6a71-4390-940d-e8066a42f829" testListId="8c84fa94-04c1-424b-9868-57a2d4851a1d" />
  </TestEntries>
  <Results>
    <UnitTestResult executionId="d6d025e0-6a71-4390-940d-e8066a42f829" testId="29a9ac31-6a06-9c71-4972-30590bdf2a7b" testName="GetLayoutPageName_HardCodedLayout" computerName="OMAR-PC" duration="00:00:00.0638558" startTime="2013-01-15T21:18:36.2690696+02:00" endTime="2013-01-15T21:18:36.7700726+02:00" testType="13cdc9d9-ddb5-4fa4-a97d-d965ccfc6d4b" outcome="Passed" testListId="8c84fa94-04c1-424b-9868-57a2d4851a1d" relativeResultsDirectory="d6d025e0-6a71-4390-940d-e8066a42f829">
    </UnitTestResult>
  </Results>
</TestRun>